<?xml version="1.0" encoding="UTF-8"?>
<!-- Generated by org.testng.reporters.JUnitXMLReporter -->
<testsuite ignored="0" hostname="DESKTOP-5TKH0C5" failures="0" tests="4" name="dependsonTest1" time="0.095" errors="0" timestamp="2024-01-18T10:10:19 IST">
  <testcase classname="testng.TestNGdepensOnDemo" name="dashboard" time="0.017"/>
  <testcase classname="testng.TestNGdepensOnDemo" name="login" time="0.003"/>
  <testcase classname="testng.TestNGdepensOnDemo" name="logout" time="0.005"/>
  <testcase classname="testng.TestNGdepensOnDemo" name="menu" time="0.002"/>
</testsuite> <!-- dependsonTest1 -->
