<?xml version="1.0" encoding="UTF-8"?>
<!-- Generated by org.testng.reporters.JUnitXMLReporter -->
<testsuite ignored="0" hostname="DESKTOP-5TKH0C5" failures="1" tests="2" name="Test listener demo" time="34.052" errors="0" timestamp="2024-01-30T15:06:33 IST">
  <testcase classname="testnglistner.ListenerPr1" name="LoginOrangeDemo" time="33.545"/>
  <testcase classname="testnglistner.ListenerPr1" name="Logout" time="0.013">
    <failure type="java.lang.AssertionError" message="null">
      <![CDATA[java.lang.AssertionError: null
at testnglistner.ListenerPr1.Logout(ListenerPr1.java:52)
at java.base/java.util.ArrayList.forEach(ArrayList.java:1596)
... Removed 27 stack frames]]>
    </failure>
  </testcase> <!-- Logout -->
</testsuite> <!-- Test listener demo -->
