<?xml version="1.0" encoding="UTF-8"?>
<!-- Generated by org.testng.reporters.JUnitXMLReporter -->
<testsuite ignored="1" hostname="DESKTOP-5TKH0C5" failures="0" tests="2" name="GroupTests" time="0.09" errors="0" timestamp="2024-01-17T13:40:10 IST">
  <testcase classname="testng.TestNgGroups" name="validlogin" time="0.019"/>
  <testcase classname="testng.TestNgGroups" name="validlogin2" time="0.005"/>
  <testcase classname="testng.TestNgGroups" name="invalidlogin" time="0.0">
    <ignored/>
  </testcase> <!-- invalidlogin -->
</testsuite> <!-- GroupTests -->
