<?xml version="1.0" encoding="UTF-8"?>
<!-- Generated by org.testng.reporters.JUnitXMLReporter -->
<testsuite ignored="1" hostname="DESKTOP-5TKH0C5" failures="0" tests="2" name="Testgroup" time="0.089" errors="0" timestamp="2024-01-18T15:31:17 IST">
  <testcase classname="testng.TestNgGroups" name="validlogin" time="0.019"/>
  <testcase classname="testng.TestNgGroups" name="validlogin2" time="0.002"/>
  <testcase classname="testng.TestNgGroups" name="invalidlogin" time="0.0">
    <ignored/>
  </testcase> <!-- invalidlogin -->
</testsuite> <!-- Testgroup -->
